build/app/intermediates/manifest_merge_blame_file/release/manifest-merger-blame-release-report.txt
1<?xml version="1.0" encoding="utf-8"?>
2<manifest xmlns:android="http://schemas.android.com/apk/res/android"
3    package="com.example.flutter_hzz_hoapp"
4    android:versionCode="1"
5    android:versionName="1.0.0" >
6
7    <uses-sdk
8        android:minSdkVersion="16"
8-->src/main/AndroidManifest.xml
9        android:targetSdkVersion="29" />
9-->src/main/AndroidManifest.xml
10
11    <uses-permission android:name="android.permission.WRITE_EXTERNAL_STORAGE" />
11-->src/main/AndroidManifest.xml:3:6-82
11-->src/main/AndroidManifest.xml:3:23-79
12    <uses-permission android:name="android.permission.CAMERA" />
12-->src/main/AndroidManifest.xml:4:5-65
12-->src/main/AndroidManifest.xml:4:22-62
13    <uses-permission android:name="android.permission.INTERNET" />
13-->src/main/AndroidManifest.xml:5:5-66
13-->src/main/AndroidManifest.xml:5:22-64
14    <uses-permission android:name="android.permission.REQUEST_INSTALL_PACKAGES" />
14-->[:install_plugin_custom] AndroidManifest.xml:8:5-83
14-->[:install_plugin_custom] AndroidManifest.xml:8:22-80
15    <uses-permission android:name="android.permission.ACCESS_NETWORK_STATE" />
15-->[com.google.android.exoplayer:exoplayer-core:2.12.1] AndroidManifest.xml:24:5-79
15-->[com.google.android.exoplayer:exoplayer-core:2.12.1] AndroidManifest.xml:24:22-76
16
17    <application
17-->src/main/AndroidManifest.xml:6:5-46:19
18        android:name="io.flutter.app.FlutterApplication"
18-->src/main/AndroidManifest.xml:7:9-57
19        android:appComponentFactory="androidx.core.app.CoreComponentFactory"
19-->[androidx.core:core:1.1.0] AndroidManifest.xml:24:18-86
20        android:icon="@mipmap/app_icon"
20-->src/main/AndroidManifest.xml:9:9-40
21        android:label="app名"
21-->src/main/AndroidManifest.xml:8:9-29
22        android:networkSecurityConfig="@xml/network_security_config" >
22-->src/main/AndroidManifest.xml:10:9-69
23
24        <!-- networkSecurityConfig 加载webhtml -->
25        <activity
25-->src/main/AndroidManifest.xml:12:9-40:20
26            android:name="com.example.flutter_hzz_hoapp.MainActivity"
26-->src/main/AndroidManifest.xml:13:13-41
27            android:configChanges="orientation|keyboardHidden|keyboard|screenSize|smallestScreenSize|locale|layoutDirection|fontScale|screenLayout|density|uiMode"
27-->src/main/AndroidManifest.xml:16:13-163
28            android:hardwareAccelerated="true"
28-->src/main/AndroidManifest.xml:17:13-47
29            android:launchMode="singleTop"
29-->src/main/AndroidManifest.xml:14:13-43
30            android:theme="@style/LaunchTheme"
30-->src/main/AndroidManifest.xml:15:13-47
31            android:windowSoftInputMode="adjustResize" >
31-->src/main/AndroidManifest.xml:18:13-55
32
33            <!--
34                 Specifies an Android theme to apply to this Activity as soon as
35                 the Android process has started. This theme is visible to the user
36                 while the Flutter UI initializes. After that, this theme continues
37                 to determine the Window background behind the Flutter UI.
38            -->
39            <meta-data
39-->src/main/AndroidManifest.xml:23:13-26:17
40                android:name="io.flutter.embedding.android.NormalTheme"
40-->src/main/AndroidManifest.xml:24:15-70
41                android:resource="@style/NormalTheme" />
41-->src/main/AndroidManifest.xml:25:15-52
42            <!--
43                 Displays an Android View that continues showing the launch screen
44                 Drawable until Flutter paints its first frame, then this splash
45                 screen fades out. A splash screen is useful to avoid any visual
46                 gap between the end of Android's launch screen and the painting of
47                 Flutter's first frame.
48            -->
49            <meta-data
49-->src/main/AndroidManifest.xml:32:13-35:17
50                android:name="io.flutter.embedding.android.SplashScreenDrawable"
50-->src/main/AndroidManifest.xml:33:15-79
51                android:resource="@drawable/launch_background" />
51-->src/main/AndroidManifest.xml:34:15-61
52
53            <intent-filter>
53-->src/main/AndroidManifest.xml:36:13-39:29
54                <action android:name="android.intent.action.MAIN" />
54-->src/main/AndroidManifest.xml:37:17-68
54-->src/main/AndroidManifest.xml:37:25-66
55
56                <category android:name="android.intent.category.LAUNCHER" />
56-->src/main/AndroidManifest.xml:38:17-76
56-->src/main/AndroidManifest.xml:38:27-74
57            </intent-filter>
58        </activity>
59        <!--
60             Don't delete the meta-data below.
61             This is used by the Flutter tool to generate GeneratedPluginRegistrant.java
62        -->
63        <meta-data
63-->src/main/AndroidManifest.xml:43:9-45:33
64            android:name="flutterEmbedding"
64-->src/main/AndroidManifest.xml:44:13-44
65            android:value="2" />
65-->src/main/AndroidManifest.xml:45:13-30
66
67        <provider
67-->[:install_plugin_custom] AndroidManifest.xml:11:9-20:20
68            android:name="androidx.core.content.FileProvider"
68-->[:install_plugin_custom] AndroidManifest.xml:12:13-62
69            android:authorities="com.example.flutter_hzz_hoapp.fileprovider"
69-->[:install_plugin_custom] AndroidManifest.xml:13:13-64
70            android:exported="false"
70-->[:install_plugin_custom] AndroidManifest.xml:14:13-37
71            android:grantUriPermissions="true" >
71-->[:install_plugin_custom] AndroidManifest.xml:15:13-47
72            <meta-data
72-->[:install_plugin_custom] AndroidManifest.xml:17:13-19:66
73                android:name="android.support.FILE_PROVIDER_PATHS"
73-->[:install_plugin_custom] AndroidManifest.xml:18:17-67
74                android:resource="@xml/provider_install_paths" />
74-->[:install_plugin_custom] AndroidManifest.xml:19:17-63
75        </provider>
76    </application>
77
78</manifest>